Copyright 1986-2019 Xilinx, Inc. All Rights Reserved.
---------------------------------------------------------------------------------------------------
| Tool Version : Vivado v.2019.1 (win64) Build 2552052 Fri May 24 14:49:42 MDT 2019
| Date         : Thu Aug 27 12:15:16 2020
| Host         : LAPTOP-GBOUD091 running 64-bit major release  (build 9200)
| Command      : report_drc -file top_drc_routed.rpt -pb top_drc_routed.pb -rpx top_drc_routed.rpx
| Design       : top
| Device       : xc7s50csga324-2
| Speed File   : -2
| Design State : Fully Routed
---------------------------------------------------------------------------------------------------

Report DRC

Table of Contents
-----------------
1. REPORT SUMMARY
2. REPORT DETAILS

1. REPORT SUMMARY
-----------------
            Netlist: netlist
          Floorplan: design_1
      Design limits: <entire design considered>
           Ruledeck: default
             Max violations: <unlimited>
             Violations found: 3
+-----------+----------+-----------------------------------------------------+------------+
| Rule      | Severity | Description                                         | Violations |
+-----------+----------+-----------------------------------------------------+------------+
| CFGBVS-1  | Warning  | Missing CFGBVS and CONFIG_VOLTAGE Design Properties | 1          |
| REQP-1709 | Warning  | Clock output buffering                              | 1          |
| RTSTAT-10 | Warning  | No routable loads                                   | 1          |
+-----------+----------+-----------------------------------------------------+------------+

2. REPORT DETAILS
-----------------
CFGBVS-1#1 Warning
Missing CFGBVS and CONFIG_VOLTAGE Design Properties  
Neither the CFGBVS nor CONFIG_VOLTAGE voltage property is set in the current_design.  Configuration bank voltage select (CFGBVS) must be set to VCCO or GND, and CONFIG_VOLTAGE must be set to the correct configuration voltage, in order to determine the I/O voltage support for the pins in bank 0.  It is suggested to specify these either using the 'Edit Device Properties' function in the GUI or directly in the XDC file using the following syntax:

 set_property CFGBVS value1 [current_design]
 #where value1 is either VCCO or GND

 set_property CONFIG_VOLTAGE value2 [current_design]
 #where value2 is the voltage provided to configuration bank 0

Refer to the device configuration user guide for more information.
Related violations: <none>

REQP-1709#1 Warning
Clock output buffering  
PLLE2_ADV connectivity violation. The signal DDR3_TRANSFER_0/MIG_7_SERIES/u_mig_7series_0_mig/u_ddr3_infrastructure/pll_clk3_out on the DDR3_TRANSFER_0/MIG_7_SERIES/u_mig_7series_0_mig/u_ddr3_infrastructure/plle2_i/CLKOUT3 pin of DDR3_TRANSFER_0/MIG_7_SERIES/u_mig_7series_0_mig/u_ddr3_infrastructure/plle2_i does not drive the same kind of BUFFER load as the other CLKOUT pins. Routing from the different buffer types will not be phase aligned.
Related violations: <none>

RTSTAT-10#1 Warning
No routable loads  
123 net(s) have no routable loads. The problem bus(es) and/or net(s) are waveform_acq_gen[0].WFM_ACQ/i_xdom_wvb_config_bundle[37], waveform_acq_gen[21].WFM_ACQ/i_xdom_wvb_config_bundle[37], waveform_acq_gen[5].WFM_ACQ/i_xdom_wvb_config_bundle[37], waveform_acq_gen[1].WFM_ACQ/i_xdom_wvb_config_bundle[37], waveform_acq_gen[7].WFM_ACQ/i_xdom_wvb_config_bundle[37], waveform_acq_gen[20].WFM_ACQ/i_xdom_wvb_config_bundle[37], waveform_acq_gen[2].WFM_ACQ/i_xdom_wvb_config_bundle[37], waveform_acq_gen[15].WFM_ACQ/i_xdom_wvb_config_bundle[37], waveform_acq_gen[10].WFM_ACQ/i_xdom_wvb_config_bundle[37], waveform_acq_gen[11].WFM_ACQ/i_xdom_wvb_config_bundle[37], waveform_acq_gen[16].WFM_ACQ/i_xdom_wvb_config_bundle[37], waveform_acq_gen[23].WFM_ACQ/i_xdom_wvb_config_bundle[37], waveform_acq_gen[3].WFM_ACQ/i_xdom_wvb_config_bundle[37], waveform_acq_gen[4].WFM_ACQ/i_xdom_wvb_config_bundle[37], waveform_acq_gen[19].WFM_ACQ/i_xdom_wvb_config_bundle[37] (the first 15 of 123 listed).
Related violations: <none>


